# Logfile created on Sun Sep 19 18:20:06 +0000 2010 by logger.rb
2010-09-19 18:20:06.831546 pong(12513) [INFO] [daemon-kit]: DaemonKit (0.1.8.1) booting in development mode
2010-09-19 18:20:06.831743 pong(12513) [INFO] [daemon-kit]: Setting up trap for USR1
2010-09-19 18:20:06.831892 pong(12513) [INFO] [daemon-kit]: Setting up trap for USR2
2010-09-19 18:20:06.832028 pong(12513) [INFO] [daemon-kit]: Setting up trap for HUP
2010-09-19 18:20:06.832163 pong(12513) [INFO] [daemon-kit]: Setting up trap for INT
2010-09-19 18:20:06.832302 pong(12513) [INFO] [daemon-kit]: Setting up trap for TERM
2010-09-19 18:20:06.838560 pong(12513) [INFO] [daemon-kit]: DaemonKit (0.1.8.1) booted, now running pong
2010-09-19 18:20:06.841237 pong(12513) [INFO] [daemon-kit]: Running shutdown hooks
2010-09-19 18:20:06.841392 pong(12513) [WARN] [daemon-kit]: Shutting down pong
2010-09-19 18:21:41.740194 pong(12583) [INFO] [daemon-kit]: DaemonKit (0.1.8.1) booting in development mode
2010-09-19 18:21:41.740441 pong(12583) [INFO] [daemon-kit]: Setting up trap for USR1
2010-09-19 18:21:41.740592 pong(12583) [INFO] [daemon-kit]: Setting up trap for USR2
2010-09-19 18:21:41.740729 pong(12583) [INFO] [daemon-kit]: Setting up trap for HUP
2010-09-19 18:21:41.740864 pong(12583) [INFO] [daemon-kit]: Setting up trap for INT
2010-09-19 18:21:41.740997 pong(12583) [INFO] [daemon-kit]: Setting up trap for TERM
2010-09-19 18:21:41.742011 pong(12583) [INFO] [daemon-kit]: DaemonKit (0.1.8.1) booted, now running pong
2010-09-19 18:21:41.764643 pong(12583) [DEBUG] [daemon-kit]: AMQP.start({:pass=>"ruote", :vhost=>"ruote", :host=>"localhost", :user=>"ruote"})
2010-09-19 18:21:41.792712 pong(12583) [DEBUG] [daemon-kit]: Subscribing to work1 for workitems
2010-09-19 18:22:41.690404 pong(12583) [INFO] [daemon-kit]: Running signal traps for INT
2010-09-19 18:22:41.690969 pong(12583) [INFO] [daemon-kit]: Running shutdown hooks
2010-09-19 18:22:41.691119 pong(12583) [WARN] [daemon-kit]: Shutting down pong
2010-09-19 18:34:18.74828 pong(12710) [INFO] [daemon-kit]: DaemonKit (0.1.8.1) booting in development mode
2010-09-19 18:34:18.107302 pong(12710) [INFO] [daemon-kit]: Setting up trap for USR1
2010-09-19 18:34:18.108531 pong(12710) [INFO] [daemon-kit]: Setting up trap for USR2
2010-09-19 18:34:18.108681 pong(12710) [INFO] [daemon-kit]: Setting up trap for HUP
2010-09-19 18:34:18.108819 pong(12710) [INFO] [daemon-kit]: Setting up trap for INT
2010-09-19 18:34:18.108955 pong(12710) [INFO] [daemon-kit]: Setting up trap for TERM
2010-09-19 18:34:18.121840 pong(12710) [INFO] [daemon-kit]: DaemonKit (0.1.8.1) booted, now running pong
2010-09-19 18:34:18.161967 pong(12710) [DEBUG] [daemon-kit]: AMQP.start({:pass=>"ruote", :vhost=>"ruote", :host=>"localhost", :user=>"ruote"})
2010-09-19 18:34:18.419520 pong(12710) [DEBUG] [daemon-kit]: Subscribing to work1 for workitems
2010-09-19 19:25:56.815872 pong(12710) [INFO] [daemon-kit]: Running signal traps for INT
2010-09-19 19:25:58.26879 pong(12710) [INFO] [daemon-kit]: Running shutdown hooks
2010-09-19 19:25:58.148492 pong(12710) [WARN] [daemon-kit]: Shutting down pong
2010-09-19 19:27:58.736122 pong(13470) [INFO] [daemon-kit]: DaemonKit (0.1.8.1) booting in development mode
2010-09-19 19:27:58.736388 pong(13470) [INFO] [daemon-kit]: Setting up trap for USR1
2010-09-19 19:27:58.736548 pong(13470) [INFO] [daemon-kit]: Setting up trap for USR2
2010-09-19 19:27:58.736687 pong(13470) [INFO] [daemon-kit]: Setting up trap for HUP
2010-09-19 19:27:58.736825 pong(13470) [INFO] [daemon-kit]: Setting up trap for INT
2010-09-19 19:27:58.736960 pong(13470) [INFO] [daemon-kit]: Setting up trap for TERM
2010-09-19 19:27:58.749377 pong(13470) [INFO] [daemon-kit]: DaemonKit (0.1.8.1) booted, now running pong
2010-09-19 19:27:58.804979 pong(13470) [DEBUG] [daemon-kit]: AMQP.start({:pass=>"ruote", :vhost=>"ruote", :host=>"localhost", :user=>"ruote"})
2010-09-19 19:27:58.978254 pong(13470) [DEBUG] [daemon-kit]: Subscribing to pong for workitems
2010-09-19 20:13:22.238496 pong(13470) [INFO] [daemon-kit]: Running signal traps for INT
2010-09-19 20:13:24.257395 pong(13470) [INFO] [daemon-kit]: Running shutdown hooks
2010-09-19 20:13:24.338313 pong(13470) [WARN] [daemon-kit]: Shutting down pong
2010-09-25 08:42:52.829543 pong(15198) [INFO] [daemon-kit]: DaemonKit (0.1.8.1) booting in development mode
2010-09-25 08:42:52.835010 pong(15198) [INFO] [daemon-kit]: Setting up trap for USR1
2010-09-25 08:42:52.835175 pong(15198) [INFO] [daemon-kit]: Setting up trap for USR2
2010-09-25 08:42:52.835315 pong(15198) [INFO] [daemon-kit]: Setting up trap for HUP
2010-09-25 08:42:52.835456 pong(15198) [INFO] [daemon-kit]: Setting up trap for INT
2010-09-25 08:42:52.835593 pong(15198) [INFO] [daemon-kit]: Setting up trap for TERM
2010-09-25 08:42:52.840845 pong(15198) [INFO] [daemon-kit]: DaemonKit (0.1.8.1) booted, now running pong
2010-09-25 08:42:52.881051 pong(15198) [DEBUG] [daemon-kit]: AMQP.start({:pass=>"ruote", :vhost=>"ruote", :host=>"localhost", :user=>"ruote"})
2010-09-25 08:42:52.952740 pong(15198) [DEBUG] [daemon-kit]: Subscribing to pong for workitems
2010-09-25 08:42:52.956351 pong(15198) [DEBUG] [daemon-kit]: Received workitem: "{\"participant_name\":\"amqp\",\"fields\":{\"count\":1,\"dispatched_at\":\"2010-09-25 08:32:48.010593 UTC\",\"__result__\":0,\"success\":true,\"params\":{\"participant_options\":{\"forget\":false,\"queue\":null},\"forget\":false,\"command\":\"/pong/pong\",\"queue\":\"pong\",\"ref\":\"amqp\"},\"state\":\"ping\"},\"fei\":{\"sub_wfid\":\"0460330361000\",\"wfid\":\"20100925-bonasapona\",\"engine_id\":\"engine\",\"expid\":\"0_1_0\"}}"
2010-09-25 08:42:52.959742 pong(15198) [ERROR] [daemon-kit]: Workitem cannot be processes: 'pong' not exposed by #<Pong:0xae27c14>
2010-09-25 08:42:52.960154 pong(15198) [DEBUG] [daemon-kit]: Replying to engine via AMQP with #<DaemonKit::RuoteWorkitem:0xae17184 @workitem={"participant_name"=>"amqp", "fields"=>{"__error__"=>"Workitem cannot be processes: 'pong' not exposed by #<Pong:0xae27c14>", "count"=>1, "success"=>true, "__result__"=>0, "dispatched_at"=>"2010-09-25 08:32:48.010593 UTC", "params"=>{"participant_options"=>{"forget"=>false, "queue"=>nil}, "command"=>"/pong/pong", "forget"=>false, "ref"=>"amqp", "queue"=>"pong"}, "state"=>"ping"}, "fei"=>{"sub_wfid"=>"0460330361000", "wfid"=>"20100925-bonasapona", "engine_id"=>"engine", "expid"=>"0_1_0"}}>
2010-09-25 08:42:52.960691 pong(15198) [DEBUG] [daemon-kit]: Processed workitem.
2010-09-25 08:42:52.961646 pong(15198) [DEBUG] [daemon-kit]: Received workitem: "{\"participant_name\":\"amqp\",\"fields\":{\"count\":1,\"dispatched_at\":\"2010-09-25 08:32:48.442119 UTC\",\"__result__\":0,\"success\":true,\"params\":{\"participant_options\":{\"forget\":false,\"queue\":null},\"forget\":false,\"command\":\"/pong/pong\",\"queue\":\"pong\",\"ref\":\"amqp\"},\"state\":\"ping\"},\"fei\":{\"sub_wfid\":\"0827721663002\",\"wfid\":\"20100925-bitsuwokana\",\"engine_id\":\"engine\",\"expid\":\"0_1_0\"}}"
2010-09-25 08:42:52.962010 pong(15198) [ERROR] [daemon-kit]: Workitem cannot be processes: 'pong' not exposed by #<Pong:0xae27c14>
2010-09-25 08:42:52.962385 pong(15198) [DEBUG] [daemon-kit]: Replying to engine via AMQP with #<DaemonKit::RuoteWorkitem:0xae12350 @workitem={"participant_name"=>"amqp", "fields"=>{"__error__"=>"Workitem cannot be processes: 'pong' not exposed by #<Pong:0xae27c14>", "count"=>1, "success"=>true, "__result__"=>0, "dispatched_at"=>"2010-09-25 08:32:48.442119 UTC", "params"=>{"participant_options"=>{"forget"=>false, "queue"=>nil}, "command"=>"/pong/pong", "forget"=>false, "ref"=>"amqp", "queue"=>"pong"}, "state"=>"ping"}, "fei"=>{"sub_wfid"=>"0827721663002", "wfid"=>"20100925-bitsuwokana", "engine_id"=>"engine", "expid"=>"0_1_0"}}>
2010-09-25 08:42:52.962709 pong(15198) [DEBUG] [daemon-kit]: Processed workitem.
2010-09-25 08:42:52.963667 pong(15198) [DEBUG] [daemon-kit]: Received workitem: "{\"participant_name\":\"amqp\",\"fields\":{\"count\":1,\"dispatched_at\":\"2010-09-25 08:40:36.170656 UTC\",\"__result__\":0,\"success\":true,\"params\":{\"participant_options\":{\"forget\":false,\"queue\":null},\"forget\":false,\"command\":\"/pong/pong\",\"queue\":\"pong\",\"ref\":\"amqp\"},\"state\":\"ping\"},\"fei\":{\"sub_wfid\":\"195650141999\",\"wfid\":\"20100925-bidubibachi\",\"engine_id\":\"engine\",\"expid\":\"0_1_0\"}}"
2010-09-25 08:42:52.964112 pong(15198) [ERROR] [daemon-kit]: Workitem cannot be processes: 'pong' not exposed by #<Pong:0xae27c14>
2010-09-25 08:42:52.964474 pong(15198) [DEBUG] [daemon-kit]: Replying to engine via AMQP with #<DaemonKit::RuoteWorkitem:0xae0dbfc @workitem={"participant_name"=>"amqp", "fields"=>{"__error__"=>"Workitem cannot be processes: 'pong' not exposed by #<Pong:0xae27c14>", "count"=>1, "success"=>true, "__result__"=>0, "dispatched_at"=>"2010-09-25 08:40:36.170656 UTC", "params"=>{"participant_options"=>{"forget"=>false, "queue"=>nil}, "command"=>"/pong/pong", "forget"=>false, "ref"=>"amqp", "queue"=>"pong"}, "state"=>"ping"}, "fei"=>{"sub_wfid"=>"195650141999", "wfid"=>"20100925-bidubibachi", "engine_id"=>"engine", "expid"=>"0_1_0"}}>
2010-09-25 08:42:52.964698 pong(15198) [DEBUG] [daemon-kit]: Processed workitem.
2010-09-25 08:43:11.311256 pong(15198) [DEBUG] [daemon-kit]: Received workitem: "{\"participant_name\":\"amqp\",\"fields\":{\"count\":1,\"dispatched_at\":\"2010-09-25 08:43:11.255492 UTC\",\"__result__\":0,\"success\":true,\"params\":{\"participant_options\":{\"forget\":false,\"queue\":null},\"forget\":false,\"command\":\"/pong/pong\",\"reply_queue\":\"ruote_workitems\",\"queue\":\"pong\",\"ref\":\"amqp\"},\"state\":\"ping\"},\"fei\":{\"sub_wfid\":\"0770778329001\",\"wfid\":\"20100925-purabiru\",\"engine_id\":\"engine\",\"expid\":\"0_1_0\"}}"
2010-09-25 08:43:11.312188 pong(15198) [ERROR] [daemon-kit]: Workitem cannot be processes: 'pong' not exposed by #<Pong:0xae27c14>
2010-09-25 08:43:11.312833 pong(15198) [DEBUG] [daemon-kit]: Replying to engine via AMQP with #<DaemonKit::RuoteWorkitem:0xae03b0c @workitem={"participant_name"=>"amqp", "fields"=>{"__error__"=>"Workitem cannot be processes: 'pong' not exposed by #<Pong:0xae27c14>", "count"=>1, "success"=>true, "__result__"=>0, "dispatched_at"=>"2010-09-25 08:43:11.255492 UTC", "params"=>{"participant_options"=>{"forget"=>false, "queue"=>nil}, "command"=>"/pong/pong", "forget"=>false, "ref"=>"amqp", "queue"=>"pong", "reply_queue"=>"ruote_workitems"}, "state"=>"ping"}, "fei"=>{"sub_wfid"=>"0770778329001", "wfid"=>"20100925-purabiru", "engine_id"=>"engine", "expid"=>"0_1_0"}}>
2010-09-25 08:43:11.314445 pong(15198) [DEBUG] [daemon-kit]: Processed workitem.
2010-09-25 08:43:20.90338 pong(15198) [INFO] [daemon-kit]: Running signal traps for INT
2010-09-25 08:43:20.91051 pong(15198) [INFO] [daemon-kit]: Running shutdown hooks
2010-09-25 08:43:20.91205 pong(15198) [WARN] [daemon-kit]: Shutting down pong
2010-09-25 08:46:01.689521 pong(15243) [INFO] [daemon-kit]: DaemonKit (0.1.8.1) booting in development mode
2010-09-25 08:46:01.689770 pong(15243) [INFO] [daemon-kit]: Setting up trap for USR1
2010-09-25 08:46:01.689925 pong(15243) [INFO] [daemon-kit]: Setting up trap for USR2
2010-09-25 08:46:01.690061 pong(15243) [INFO] [daemon-kit]: Setting up trap for HUP
2010-09-25 08:46:01.690229 pong(15243) [INFO] [daemon-kit]: Setting up trap for INT
2010-09-25 08:46:01.690366 pong(15243) [INFO] [daemon-kit]: Setting up trap for TERM
2010-09-25 08:46:01.691659 pong(15243) [INFO] [daemon-kit]: DaemonKit (0.1.8.1) booted, now running pong
2010-09-25 08:46:01.695530 pong(15243) [DEBUG] [daemon-kit]: AMQP.start({:pass=>"ruote", :vhost=>"ruote", :host=>"localhost", :user=>"ruote"})
2010-09-25 08:46:01.701152 pong(15243) [DEBUG] [daemon-kit]: Subscribing to pong for workitems
2010-09-25 08:47:09.226991 pong(15243) [DEBUG] [daemon-kit]: Received workitem: "{\"participant_name\":\"amqp\",\"fields\":{\"count\":1,\"dispatched_at\":\"2010-09-25 08:47:09.164535 UTC\",\"__result__\":0,\"success\":true,\"params\":{\"participant_options\":{\"forget\":false,\"queue\":null},\"forget\":false,\"command\":\"/pong/pong\",\"reply_queue\":\"ruote_workitems\",\"queue\":\"pong\",\"ref\":\"amqp\"},\"state\":\"ping\"},\"fei\":{\"sub_wfid\":\"1547550167999\",\"wfid\":\"20100925-nasekuje\",\"engine_id\":\"engine\",\"expid\":\"0_1_0\"}}"
2010-09-25 08:47:09.228727 pong(15243) [ERROR] [daemon-kit]: Workitem cannot be processes: 'pong' not exposed by #<Pong:0x98e5c70>
2010-09-25 08:47:09.229146 pong(15243) [DEBUG] [daemon-kit]: Replying to engine via AMQP with #<DaemonKit::RuoteWorkitem:0x98d51e0 @workitem={"participant_name"=>"amqp", "fields"=>{"__error__"=>"Workitem cannot be processes: 'pong' not exposed by #<Pong:0x98e5c70>", "count"=>1, "success"=>true, "__result__"=>0, "dispatched_at"=>"2010-09-25 08:47:09.164535 UTC", "params"=>{"participant_options"=>{"forget"=>false, "queue"=>nil}, "command"=>"/pong/pong", "forget"=>false, "ref"=>"amqp", "queue"=>"pong", "reply_queue"=>"ruote_workitems"}, "state"=>"ping"}, "fei"=>{"sub_wfid"=>"1547550167999", "wfid"=>"20100925-nasekuje", "engine_id"=>"engine", "expid"=>"0_1_0"}}>
2010-09-25 08:47:09.229740 pong(15243) [DEBUG] [daemon-kit]: Processed workitem.
2010-09-25 08:47:19.138347 pong(15243) [INFO] [daemon-kit]: Running signal traps for INT
2010-09-25 08:47:19.139081 pong(15243) [INFO] [daemon-kit]: Running shutdown hooks
2010-09-25 08:47:19.139233 pong(15243) [WARN] [daemon-kit]: Shutting down pong
2010-09-25 08:47:32.912960 pong(15262) [INFO] [daemon-kit]: DaemonKit (0.1.8.1) booting in development mode
2010-09-25 08:47:32.913203 pong(15262) [INFO] [daemon-kit]: Setting up trap for USR1
2010-09-25 08:47:32.913358 pong(15262) [INFO] [daemon-kit]: Setting up trap for USR2
2010-09-25 08:47:32.913496 pong(15262) [INFO] [daemon-kit]: Setting up trap for HUP
2010-09-25 08:47:32.913634 pong(15262) [INFO] [daemon-kit]: Setting up trap for INT
2010-09-25 08:47:32.913770 pong(15262) [INFO] [daemon-kit]: Setting up trap for TERM
2010-09-25 08:47:32.914933 pong(15262) [INFO] [daemon-kit]: DaemonKit (0.1.8.1) booted, now running pong
2010-09-25 08:47:32.917985 pong(15262) [DEBUG] [daemon-kit]: AMQP.start({:pass=>"ruote", :vhost=>"ruote", :host=>"localhost", :user=>"ruote"})
2010-09-25 08:47:32.943936 pong(15262) [DEBUG] [daemon-kit]: Subscribing to pong for workitems
2010-09-25 08:47:39.665959 pong(15262) [DEBUG] [daemon-kit]: Received workitem: "{\"participant_name\":\"amqp\",\"fields\":{\"count\":1,\"dispatched_at\":\"2010-09-25 08:47:39.603245 UTC\",\"__result__\":0,\"success\":true,\"params\":{\"participant_options\":{\"forget\":false,\"queue\":null},\"forget\":false,\"command\":\"/pong/pong\",\"reply_queue\":\"ruote_workitems\",\"queue\":\"pong\",\"ref\":\"amqp\"},\"state\":\"ping\"},\"fei\":{\"sub_wfid\":\"1504046003999\",\"wfid\":\"20100925-bijowamire\",\"engine_id\":\"engine\",\"expid\":\"0_1_0\"}}"
2010-09-25 08:47:39.667675 pong(15262) [DEBUG] [daemon-kit]: Replying to engine via AMQP with #<DaemonKit::RuoteWorkitem:0xb6a5184 @workitem={"participant_name"=>"amqp", "fields"=>{"count"=>2, "success"=>true, "__result__"=>0, "dispatched_at"=>"2010-09-25 08:47:39.603245 UTC", "params"=>{"participant_options"=>{"forget"=>false, "queue"=>nil}, "command"=>"/pong/pong", "forget"=>false, "ref"=>"amqp", "queue"=>"pong", "reply_queue"=>"ruote_workitems"}, "state"=>"pong"}, "fei"=>{"sub_wfid"=>"1504046003999", "wfid"=>"20100925-bijowamire", "engine_id"=>"engine", "expid"=>"0_1_0"}}>
2010-09-25 08:47:39.668311 pong(15262) [DEBUG] [daemon-kit]: Processed workitem.
2010-09-25 08:49:07.981301 pong(15262) [DEBUG] [daemon-kit]: Received workitem: "{\"participant_name\":\"amqp\",\"fields\":{\"count\":1,\"dispatched_at\":\"2010-09-25 08:49:07.933249 UTC\",\"__result__\":0,\"success\":true,\"params\":{\"participant_options\":{\"forget\":false,\"queue\":null},\"forget\":false,\"command\":\"/pong/pong\",\"reply_queue\":\"ruote_workitems\",\"queue\":\"pong\",\"ref\":\"amqp\"},\"state\":\"ping\"},\"fei\":{\"sub_wfid\":\"1163707961999\",\"wfid\":\"20100925-megofutsu\",\"engine_id\":\"engine\",\"expid\":\"0_1_0\"}}"
2010-09-25 08:49:07.981872 pong(15262) [DEBUG] [daemon-kit]: Replying to engine via AMQP with #<DaemonKit::RuoteWorkitem:0xb69d678 @workitem={"participant_name"=>"amqp", "fields"=>{"count"=>2, "success"=>true, "__result__"=>0, "dispatched_at"=>"2010-09-25 08:49:07.933249 UTC", "params"=>{"participant_options"=>{"forget"=>false, "queue"=>nil}, "command"=>"/pong/pong", "forget"=>false, "ref"=>"amqp", "queue"=>"pong", "reply_queue"=>"ruote_workitems"}, "state"=>"pong"}, "fei"=>{"sub_wfid"=>"1163707961999", "wfid"=>"20100925-megofutsu", "engine_id"=>"engine", "expid"=>"0_1_0"}}>
2010-09-25 08:49:07.982752 pong(15262) [DEBUG] [daemon-kit]: Processed workitem.
2010-09-25 08:50:15.203881 pong(15262) [DEBUG] [daemon-kit]: Received workitem: "{\"participant_name\":\"amqp\",\"fields\":{\"count\":1,\"dispatched_at\":\"2010-09-25 08:50:15.155942 UTC\",\"__result__\":0,\"success\":true,\"params\":{\"participant_options\":{\"forget\":false,\"queue\":null},\"forget\":false,\"command\":\"/pong/pong\",\"reply_queue\":\"ruote_workitems\",\"queue\":\"pong\",\"ref\":\"amqp\"},\"state\":\"ping\"},\"fei\":{\"sub_wfid\":\"0326148604001\",\"wfid\":\"20100925-zenebiji\",\"engine_id\":\"engine\",\"expid\":\"0_1_0\"}}"
2010-09-25 08:50:15.204440 pong(15262) [DEBUG] [daemon-kit]: Replying to engine via AMQP with #<DaemonKit::RuoteWorkitem:0xb69809c @workitem={"participant_name"=>"amqp", "fields"=>{"count"=>2, "success"=>true, "__result__"=>0, "dispatched_at"=>"2010-09-25 08:50:15.155942 UTC", "params"=>{"participant_options"=>{"forget"=>false, "queue"=>nil}, "command"=>"/pong/pong", "forget"=>false, "ref"=>"amqp", "queue"=>"pong", "reply_queue"=>"ruote_workitems"}, "state"=>"pong"}, "fei"=>{"sub_wfid"=>"0326148604001", "wfid"=>"20100925-zenebiji", "engine_id"=>"engine", "expid"=>"0_1_0"}}>
2010-09-25 08:50:15.205244 pong(15262) [DEBUG] [daemon-kit]: Processed workitem.
2010-09-25 08:50:43.474340 pong(15262) [INFO] [daemon-kit]: Running signal traps for INT
2010-09-25 08:50:43.475051 pong(15262) [INFO] [daemon-kit]: Running shutdown hooks
2010-09-25 08:50:43.475209 pong(15262) [WARN] [daemon-kit]: Shutting down pong
2010-09-25 08:52:33.329314 pong(15315) [INFO] [daemon-kit]: DaemonKit (0.1.8.1) booting in development mode
2010-09-25 08:52:33.329568 pong(15315) [INFO] [daemon-kit]: Setting up trap for USR1
2010-09-25 08:52:33.329729 pong(15315) [INFO] [daemon-kit]: Setting up trap for USR2
2010-09-25 08:52:33.329874 pong(15315) [INFO] [daemon-kit]: Setting up trap for HUP
2010-09-25 08:52:33.330014 pong(15315) [INFO] [daemon-kit]: Setting up trap for INT
2010-09-25 08:52:33.330175 pong(15315) [INFO] [daemon-kit]: Setting up trap for TERM
2010-09-25 08:52:33.331511 pong(15315) [INFO] [daemon-kit]: DaemonKit (0.1.8.1) booted, now running pong
2010-09-25 08:52:33.340567 pong(15315) [DEBUG] [daemon-kit]: AMQP.start({:pass=>"ruote", :vhost=>"ruote", :host=>"localhost", :user=>"ruote"})
2010-09-25 08:52:33.412406 pong(15315) [DEBUG] [daemon-kit]: Subscribing to pong for workitems
2010-09-25 08:52:33.415911 pong(15315) [DEBUG] [daemon-kit]: Received workitem: "{\"participant_name\":\"amqp\",\"fields\":{\"count\":1,\"dispatched_at\":\"2010-09-25 08:52:27.435063 UTC\",\"__result__\":0,\"success\":true,\"params\":{\"participant_options\":{\"forget\":false,\"queue\":null},\"forget\":false,\"command\":\"/pong/pong\",\"reply_queue\":\"ruote_workitems\",\"queue\":\"pong\",\"ref\":\"amqp\"},\"state\":\"ping\"},\"fei\":{\"sub_wfid\":\"082549246001\",\"wfid\":\"20100925-befupogitzu\",\"engine_id\":\"engine\",\"expid\":\"0_1_0\"}}"
2010-09-25 08:52:33.417491 pong(15315) [DEBUG] [daemon-kit]: Replying to engine via AMQP with #<DaemonKit::RuoteWorkitem:0xa59b2e4 @workitem={"participant_name"=>"amqp", "fields"=>{"count"=>2, "success"=>true, "__result__"=>0, "dispatched_at"=>"2010-09-25 08:52:27.435063 UTC", "params"=>{"participant_options"=>{"forget"=>false, "queue"=>nil}, "command"=>"/pong/pong", "forget"=>false, "ref"=>"amqp", "queue"=>"pong", "reply_queue"=>"ruote_workitems"}, "state"=>"pong"}, "fei"=>{"sub_wfid"=>"082549246001", "wfid"=>"20100925-befupogitzu", "engine_id"=>"engine", "expid"=>"0_1_0"}}>
2010-09-25 08:52:33.418078 pong(15315) [DEBUG] [daemon-kit]: Processed workitem.
2010-09-25 08:54:54.408957 pong(15315) [DEBUG] [daemon-kit]: Received workitem: "{\"participant_name\":\"amqp\",\"fields\":{\"count\":1,\"dispatched_at\":\"2010-09-25 08:54:54.377531 UTC\",\"__result__\":0,\"success\":true,\"params\":{\"participant_options\":{\"forget\":false,\"queue\":null},\"forget\":false,\"command\":\"/pong/pong\",\"reply_queue\":\"ruote_workitems\",\"queue\":\"pong\",\"ref\":\"amqp\"},\"state\":\"ping\"},\"fei\":{\"sub_wfid\":\"01046816958001\",\"wfid\":\"20100925-bohedibiza\",\"engine_id\":\"engine\",\"expid\":\"0_1_0\"}}"
2010-09-25 08:54:54.409547 pong(15315) [DEBUG] [daemon-kit]: Replying to engine via AMQP with #<DaemonKit::RuoteWorkitem:0xa5937d8 @workitem={"participant_name"=>"amqp", "fields"=>{"count"=>2, "success"=>true, "__result__"=>0, "dispatched_at"=>"2010-09-25 08:54:54.377531 UTC", "params"=>{"participant_options"=>{"forget"=>false, "queue"=>nil}, "command"=>"/pong/pong", "forget"=>false, "ref"=>"amqp", "queue"=>"pong", "reply_queue"=>"ruote_workitems"}, "state"=>"pong"}, "fei"=>{"sub_wfid"=>"01046816958001", "wfid"=>"20100925-bohedibiza", "engine_id"=>"engine", "expid"=>"0_1_0"}}>
2010-09-25 08:54:54.410420 pong(15315) [DEBUG] [daemon-kit]: Processed workitem.
2010-09-25 08:55:26.936096 pong(15315) [DEBUG] [daemon-kit]: Received workitem: "{\"participant_name\":\"amqp\",\"fields\":{\"count\":1,\"dispatched_at\":\"2010-09-25 08:55:26.893307 UTC\",\"__result__\":0,\"success\":true,\"params\":{\"participant_options\":{\"forget\":false,\"queue\":null},\"forget\":false,\"command\":\"/pong/pong\",\"reply_queue\":\"ruote_workitems\",\"queue\":\"pong\",\"ref\":\"amqp\"},\"state\":\"ping\"},\"fei\":{\"sub_wfid\":\"11069321309999\",\"wfid\":\"20100925-bepasohedi\",\"engine_id\":\"engine\",\"expid\":\"0_1_0\"}}"
2010-09-25 08:55:26.936939 pong(15315) [DEBUG] [daemon-kit]: Replying to engine via AMQP with #<DaemonKit::RuoteWorkitem:0xa58e1fc @workitem={"participant_name"=>"amqp", "fields"=>{"count"=>2, "success"=>true, "__result__"=>0, "dispatched_at"=>"2010-09-25 08:55:26.893307 UTC", "params"=>{"participant_options"=>{"forget"=>false, "queue"=>nil}, "command"=>"/pong/pong", "forget"=>false, "ref"=>"amqp", "queue"=>"pong", "reply_queue"=>"ruote_workitems"}, "state"=>"pong"}, "fei"=>{"sub_wfid"=>"11069321309999", "wfid"=>"20100925-bepasohedi", "engine_id"=>"engine", "expid"=>"0_1_0"}}>
2010-09-25 08:55:26.937858 pong(15315) [DEBUG] [daemon-kit]: Processed workitem.
2010-09-25 08:55:33.818294 pong(15315) [DEBUG] [daemon-kit]: Received workitem: "{\"participant_name\":\"amqp\",\"fields\":{\"count\":1,\"dispatched_at\":\"2010-09-25 08:55:33.769741 UTC\",\"__result__\":0,\"success\":true,\"params\":{\"participant_options\":{\"forget\":false,\"queue\":null},\"forget\":false,\"command\":\"/pong/pong\",\"reply_queue\":\"ruote_workitems\",\"queue\":\"pong\",\"ref\":\"amqp\"},\"state\":\"ping\"},\"fei\":{\"sub_wfid\":\"0626466602001\",\"wfid\":\"20100925-beyushihoza\",\"engine_id\":\"engine\",\"expid\":\"0_1_0\"}}"
2010-09-25 08:55:33.818877 pong(15315) [DEBUG] [daemon-kit]: Replying to engine via AMQP with #<DaemonKit::RuoteWorkitem:0xa588c20 @workitem={"participant_name"=>"amqp", "fields"=>{"count"=>2, "success"=>true, "__result__"=>0, "dispatched_at"=>"2010-09-25 08:55:33.769741 UTC", "params"=>{"participant_options"=>{"forget"=>false, "queue"=>nil}, "command"=>"/pong/pong", "forget"=>false, "ref"=>"amqp", "queue"=>"pong", "reply_queue"=>"ruote_workitems"}, "state"=>"pong"}, "fei"=>{"sub_wfid"=>"0626466602001", "wfid"=>"20100925-beyushihoza", "engine_id"=>"engine", "expid"=>"0_1_0"}}>
2010-09-25 08:55:33.819696 pong(15315) [DEBUG] [daemon-kit]: Processed workitem.
2010-09-25 08:55:44.585538 pong(15315) [DEBUG] [daemon-kit]: Received workitem: "{\"participant_name\":\"amqp\",\"fields\":{\"count\":1,\"dispatched_at\":\"2010-09-25 08:55:44.542272 UTC\",\"__result__\":0,\"success\":true,\"params\":{\"participant_options\":{\"forget\":false,\"queue\":null},\"forget\":false,\"command\":\"/pong/pong\",\"reply_queue\":\"ruote_workitems\",\"queue\":\"pong\",\"ref\":\"amqp\"},\"state\":\"ping\"},\"fei\":{\"sub_wfid\":\"1712277795999\",\"wfid\":\"20100925-biputzugimi\",\"engine_id\":\"engine\",\"expid\":\"0_1_0\"}}"
2010-09-25 08:55:44.586359 pong(15315) [DEBUG] [daemon-kit]: Replying to engine via AMQP with #<DaemonKit::RuoteWorkitem:0xa583644 @workitem={"participant_name"=>"amqp", "fields"=>{"count"=>2, "success"=>true, "__result__"=>0, "dispatched_at"=>"2010-09-25 08:55:44.542272 UTC", "params"=>{"participant_options"=>{"forget"=>false, "queue"=>nil}, "command"=>"/pong/pong", "forget"=>false, "ref"=>"amqp", "queue"=>"pong", "reply_queue"=>"ruote_workitems"}, "state"=>"pong"}, "fei"=>{"sub_wfid"=>"1712277795999", "wfid"=>"20100925-biputzugimi", "engine_id"=>"engine", "expid"=>"0_1_0"}}>
2010-09-25 08:55:44.587294 pong(15315) [DEBUG] [daemon-kit]: Processed workitem.
2010-09-25 08:56:44.702677 pong(15315) [DEBUG] [daemon-kit]: Received workitem: "{\"participant_name\":\"amqp\",\"fields\":{\"count\":1,\"dispatched_at\":\"2010-09-25 08:56:44.654006 UTC\",\"__result__\":0,\"success\":true,\"params\":{\"participant_options\":{\"forget\":false,\"queue\":null},\"forget\":false,\"command\":\"/pong/pong\",\"reply_queue\":\"ruote_workitems\",\"queue\":\"pong\",\"ref\":\"amqp\"},\"state\":\"ping\"},\"fei\":{\"sub_wfid\":\"0230200702001\",\"wfid\":\"20100925-birakejiki\",\"engine_id\":\"engine\",\"expid\":\"0_1_0\"}}"
2010-09-25 08:56:44.703237 pong(15315) [DEBUG] [daemon-kit]: Replying to engine via AMQP with #<DaemonKit::RuoteWorkitem:0xa57e068 @workitem={"participant_name"=>"amqp", "fields"=>{"count"=>2, "success"=>true, "__result__"=>0, "dispatched_at"=>"2010-09-25 08:56:44.654006 UTC", "params"=>{"participant_options"=>{"forget"=>false, "queue"=>nil}, "command"=>"/pong/pong", "forget"=>false, "ref"=>"amqp", "queue"=>"pong", "reply_queue"=>"ruote_workitems"}, "state"=>"pong"}, "fei"=>{"sub_wfid"=>"0230200702001", "wfid"=>"20100925-birakejiki", "engine_id"=>"engine", "expid"=>"0_1_0"}}>
2010-09-25 08:56:44.704066 pong(15315) [DEBUG] [daemon-kit]: Processed workitem.
2010-09-25 08:58:00.688268 pong(15315) [DEBUG] [daemon-kit]: Received workitem: "{\"participant_name\":\"amqp\",\"fields\":{\"count\":1,\"dispatched_at\":\"2010-09-25 08:58:00.646933 UTC\",\"__result__\":0,\"success\":true,\"params\":{\"participant_options\":{\"forget\":false,\"queue\":null},\"forget\":false,\"command\":\"/pong/pong\",\"reply_queue\":\"ruote_workitems\",\"queue\":\"pong\",\"ref\":\"amqp\"},\"state\":\"ping\"},\"fei\":{\"sub_wfid\":\"07506369001\",\"wfid\":\"20100925-pobebi\",\"engine_id\":\"engine\",\"expid\":\"0_1_0\"}}"
2010-09-25 08:58:00.688822 pong(15315) [DEBUG] [daemon-kit]: Replying to engine via AMQP with #<DaemonKit::RuoteWorkitem:0xa578a8c @workitem={"participant_name"=>"amqp", "fields"=>{"count"=>2, "success"=>true, "__result__"=>0, "dispatched_at"=>"2010-09-25 08:58:00.646933 UTC", "params"=>{"participant_options"=>{"forget"=>false, "queue"=>nil}, "command"=>"/pong/pong", "forget"=>false, "ref"=>"amqp", "queue"=>"pong", "reply_queue"=>"ruote_workitems"}, "state"=>"pong"}, "fei"=>{"sub_wfid"=>"07506369001", "wfid"=>"20100925-pobebi", "engine_id"=>"engine", "expid"=>"0_1_0"}}>
2010-09-25 08:58:00.689699 pong(15315) [DEBUG] [daemon-kit]: Processed workitem.
2010-09-25 08:58:04.811175 pong(15315) [DEBUG] [daemon-kit]: Received workitem: "{\"participant_name\":\"amqp\",\"fields\":{\"count\":1,\"dispatched_at\":\"2010-09-25 08:58:04.763585 UTC\",\"__result__\":0,\"success\":true,\"params\":{\"participant_options\":{\"forget\":false,\"queue\":null},\"forget\":false,\"command\":\"/pong/pong\",\"reply_queue\":\"ruote_workitems\",\"queue\":\"pong\",\"ref\":\"amqp\"},\"state\":\"ping\"},\"fei\":{\"sub_wfid\":\"1997617691999\",\"wfid\":\"20100925-hiyunaga\",\"engine_id\":\"engine\",\"expid\":\"0_1_0\"}}"
2010-09-25 08:58:04.811732 pong(15315) [DEBUG] [daemon-kit]: Replying to engine via AMQP with #<DaemonKit::RuoteWorkitem:0xa5734b0 @workitem={"participant_name"=>"amqp", "fields"=>{"count"=>2, "success"=>true, "__result__"=>0, "dispatched_at"=>"2010-09-25 08:58:04.763585 UTC", "params"=>{"participant_options"=>{"forget"=>false, "queue"=>nil}, "command"=>"/pong/pong", "forget"=>false, "ref"=>"amqp", "queue"=>"pong", "reply_queue"=>"ruote_workitems"}, "state"=>"pong"}, "fei"=>{"sub_wfid"=>"1997617691999", "wfid"=>"20100925-hiyunaga", "engine_id"=>"engine", "expid"=>"0_1_0"}}>
2010-09-25 08:58:04.812578 pong(15315) [DEBUG] [daemon-kit]: Processed workitem.
2010-09-25 09:00:14.437043 pong(15315) [DEBUG] [daemon-kit]: Received workitem: "{\"participant_name\":\"amqp\",\"fields\":{\"count\":1,\"dispatched_at\":\"2010-09-25 09:00:14.397816 UTC\",\"__result__\":0,\"success\":true,\"params\":{\"participant_options\":{\"forget\":false,\"queue\":null},\"forget\":false,\"command\":\"/pong/pong\",\"queue\":\"pong\",\"reply_queue\":\"ruote_workitems\",\"ref\":\"amqp\"},\"state\":\"ping\"},\"fei\":{\"sub_wfid\":\"0194279088002\",\"wfid\":\"20100925-togisuwo\",\"engine_id\":\"engine\",\"expid\":\"0_2_0\"}}"
2010-09-25 09:00:14.437598 pong(15315) [DEBUG] [daemon-kit]: Replying to engine via AMQP with #<DaemonKit::RuoteWorkitem:0xa56ded4 @workitem={"participant_name"=>"amqp", "fields"=>{"count"=>2, "success"=>true, "__result__"=>0, "dispatched_at"=>"2010-09-25 09:00:14.397816 UTC", "params"=>{"participant_options"=>{"forget"=>false, "queue"=>nil}, "command"=>"/pong/pong", "forget"=>false, "ref"=>"amqp", "reply_queue"=>"ruote_workitems", "queue"=>"pong"}, "state"=>"pong"}, "fei"=>{"sub_wfid"=>"0194279088002", "wfid"=>"20100925-togisuwo", "engine_id"=>"engine", "expid"=>"0_2_0"}}>
2010-09-25 09:00:14.438466 pong(15315) [DEBUG] [daemon-kit]: Processed workitem.
2010-09-25 09:00:14.872648 pong(15315) [DEBUG] [daemon-kit]: Received workitem: "{\"participant_name\":\"amqp\",\"fields\":{\"count\":3,\"dispatched_at\":\"2010-09-25 09:00:14.837831 UTC\",\"__result__\":0,\"success\":true,\"params\":{\"participant_options\":{\"forget\":false,\"queue\":null},\"forget\":false,\"command\":\"/pong/pong\",\"queue\":\"pong\",\"reply_queue\":\"ruote_workitems\",\"ref\":\"amqp\"},\"state\":\"ping\"},\"fei\":{\"sub_wfid\":\"0295192009005\",\"wfid\":\"20100925-togisuwo\",\"engine_id\":\"engine\",\"expid\":\"0_2_0\"}}"
2010-09-25 09:00:14.873198 pong(15315) [DEBUG] [daemon-kit]: Replying to engine via AMQP with #<DaemonKit::RuoteWorkitem:0xa5688f8 @workitem={"participant_name"=>"amqp", "fields"=>{"count"=>4, "success"=>true, "__result__"=>0, "dispatched_at"=>"2010-09-25 09:00:14.837831 UTC", "params"=>{"participant_options"=>{"forget"=>false, "queue"=>nil}, "command"=>"/pong/pong", "forget"=>false, "ref"=>"amqp", "reply_queue"=>"ruote_workitems", "queue"=>"pong"}, "state"=>"pong"}, "fei"=>{"sub_wfid"=>"0295192009005", "wfid"=>"20100925-togisuwo", "engine_id"=>"engine", "expid"=>"0_2_0"}}>
2010-09-25 09:00:14.874009 pong(15315) [DEBUG] [daemon-kit]: Processed workitem.
2010-09-25 09:00:15.306311 pong(15315) [DEBUG] [daemon-kit]: Received workitem: "{\"participant_name\":\"amqp\",\"fields\":{\"count\":5,\"dispatched_at\":\"2010-09-25 09:00:15.239124 UTC\",\"__result__\":0,\"success\":true,\"params\":{\"participant_options\":{\"forget\":false,\"queue\":null},\"forget\":false,\"command\":\"/pong/pong\",\"queue\":\"pong\",\"reply_queue\":\"ruote_workitems\",\"ref\":\"amqp\"},\"state\":\"ping\"},\"fei\":{\"sub_wfid\":\"1470302824992\",\"wfid\":\"20100925-togisuwo\",\"engine_id\":\"engine\",\"expid\":\"0_2_0\"}}"
2010-09-25 09:00:15.306928 pong(15315) [DEBUG] [daemon-kit]: Replying to engine via AMQP with #<DaemonKit::RuoteWorkitem:0xa56331c @workitem={"participant_name"=>"amqp", "fields"=>{"count"=>6, "success"=>true, "__result__"=>0, "dispatched_at"=>"2010-09-25 09:00:15.239124 UTC", "params"=>{"participant_options"=>{"forget"=>false, "queue"=>nil}, "command"=>"/pong/pong", "forget"=>false, "ref"=>"amqp", "reply_queue"=>"ruote_workitems", "queue"=>"pong"}, "state"=>"pong"}, "fei"=>{"sub_wfid"=>"1470302824992", "wfid"=>"20100925-togisuwo", "engine_id"=>"engine", "expid"=>"0_2_0"}}>
2010-09-25 09:00:15.308293 pong(15315) [DEBUG] [daemon-kit]: Processed workitem.
2010-09-25 09:00:15.706735 pong(15315) [DEBUG] [daemon-kit]: Received workitem: "{\"participant_name\":\"amqp\",\"fields\":{\"count\":7,\"dispatched_at\":\"2010-09-25 09:00:15.670978 UTC\",\"__result__\":0,\"success\":true,\"params\":{\"participant_options\":{\"forget\":false,\"queue\":null},\"forget\":false,\"command\":\"/pong/pong\",\"queue\":\"pong\",\"reply_queue\":\"ruote_workitems\",\"ref\":\"amqp\"},\"state\":\"ping\"},\"fei\":{\"sub_wfid\":\"1853243802989\",\"wfid\":\"20100925-togisuwo\",\"engine_id\":\"engine\",\"expid\":\"0_2_0\"}}"
2010-09-25 09:00:15.707321 pong(15315) [DEBUG] [daemon-kit]: Replying to engine via AMQP with #<DaemonKit::RuoteWorkitem:0xa55dd40 @workitem={"participant_name"=>"amqp", "fields"=>{"count"=>8, "success"=>true, "__result__"=>0, "dispatched_at"=>"2010-09-25 09:00:15.670978 UTC", "params"=>{"participant_options"=>{"forget"=>false, "queue"=>nil}, "command"=>"/pong/pong", "forget"=>false, "ref"=>"amqp", "reply_queue"=>"ruote_workitems", "queue"=>"pong"}, "state"=>"pong"}, "fei"=>{"sub_wfid"=>"1853243802989", "wfid"=>"20100925-togisuwo", "engine_id"=>"engine", "expid"=>"0_2_0"}}>
2010-09-25 09:00:15.708139 pong(15315) [DEBUG] [daemon-kit]: Processed workitem.
2010-09-25 09:00:16.110076 pong(15315) [DEBUG] [daemon-kit]: Received workitem: "{\"participant_name\":\"amqp\",\"fields\":{\"count\":9,\"dispatched_at\":\"2010-09-25 09:00:16.066747 UTC\",\"__result__\":0,\"success\":true,\"params\":{\"participant_options\":{\"forget\":false,\"queue\":null},\"forget\":false,\"command\":\"/pong/pong\",\"queue\":\"pong\",\"reply_queue\":\"ruote_workitems\",\"ref\":\"amqp\"},\"state\":\"ping\"},\"fei\":{\"sub_wfid\":\"0580111635014\",\"wfid\":\"20100925-togisuwo\",\"engine_id\":\"engine\",\"expid\":\"0_2_0\"}}"
2010-09-25 09:00:16.110660 pong(15315) [DEBUG] [daemon-kit]: Replying to engine via AMQP with #<DaemonKit::RuoteWorkitem:0xa558764 @workitem={"participant_name"=>"amqp", "fields"=>{"count"=>10, "success"=>true, "__result__"=>0, "dispatched_at"=>"2010-09-25 09:00:16.066747 UTC", "params"=>{"participant_options"=>{"forget"=>false, "queue"=>nil}, "command"=>"/pong/pong", "forget"=>false, "ref"=>"amqp", "reply_queue"=>"ruote_workitems", "queue"=>"pong"}, "state"=>"pong"}, "fei"=>{"sub_wfid"=>"0580111635014", "wfid"=>"20100925-togisuwo", "engine_id"=>"engine", "expid"=>"0_2_0"}}>
2010-09-25 09:00:16.111483 pong(15315) [DEBUG] [daemon-kit]: Processed workitem.
2010-09-25 09:00:16.693833 pong(15315) [DEBUG] [daemon-kit]: Received workitem: "{\"participant_name\":\"amqp\",\"fields\":{\"count\":11,\"dispatched_at\":\"2010-09-25 09:00:16.605027 UTC\",\"__result__\":0,\"success\":true,\"params\":{\"participant_options\":{\"forget\":false,\"queue\":null},\"forget\":false,\"command\":\"/pong/pong\",\"queue\":\"pong\",\"reply_queue\":\"ruote_workitems\",\"ref\":\"amqp\"},\"state\":\"ping\"},\"fei\":{\"sub_wfid\":\"1523943273983\",\"wfid\":\"20100925-togisuwo\",\"engine_id\":\"engine\",\"expid\":\"0_2_0\"}}"
2010-09-25 09:00:16.694401 pong(15315) [DEBUG] [daemon-kit]: Replying to engine via AMQP with #<DaemonKit::RuoteWorkitem:0xa553188 @workitem={"participant_name"=>"amqp", "fields"=>{"count"=>12, "success"=>true, "__result__"=>0, "dispatched_at"=>"2010-09-25 09:00:16.605027 UTC", "params"=>{"participant_options"=>{"forget"=>false, "queue"=>nil}, "command"=>"/pong/pong", "forget"=>false, "ref"=>"amqp", "reply_queue"=>"ruote_workitems", "queue"=>"pong"}, "state"=>"pong"}, "fei"=>{"sub_wfid"=>"1523943273983", "wfid"=>"20100925-togisuwo", "engine_id"=>"engine", "expid"=>"0_2_0"}}>
2010-09-25 09:00:16.695228 pong(15315) [DEBUG] [daemon-kit]: Processed workitem.
2010-09-25 09:00:17.88810 pong(15315) [DEBUG] [daemon-kit]: Received workitem: "{\"participant_name\":\"amqp\",\"fields\":{\"count\":13,\"dispatched_at\":\"2010-09-25 09:00:17.058644 UTC\",\"__result__\":0,\"success\":true,\"params\":{\"participant_options\":{\"forget\":false,\"queue\":null},\"forget\":false,\"command\":\"/pong/pong\",\"queue\":\"pong\",\"reply_queue\":\"ruote_workitems\",\"ref\":\"amqp\"},\"state\":\"ping\"},\"fei\":{\"sub_wfid\":\"1964128728980\",\"wfid\":\"20100925-togisuwo\",\"engine_id\":\"engine\",\"expid\":\"0_2_0\"}}"
2010-09-25 09:00:17.89354 pong(15315) [DEBUG] [daemon-kit]: Replying to engine via AMQP with #<DaemonKit::RuoteWorkitem:0xa54dbac @workitem={"participant_name"=>"amqp", "fields"=>{"count"=>14, "success"=>true, "__result__"=>0, "dispatched_at"=>"2010-09-25 09:00:17.058644 UTC", "params"=>{"participant_options"=>{"forget"=>false, "queue"=>nil}, "command"=>"/pong/pong", "forget"=>false, "ref"=>"amqp", "reply_queue"=>"ruote_workitems", "queue"=>"pong"}, "state"=>"pong"}, "fei"=>{"sub_wfid"=>"1964128728980", "wfid"=>"20100925-togisuwo", "engine_id"=>"engine", "expid"=>"0_2_0"}}>
2010-09-25 09:00:17.90307 pong(15315) [DEBUG] [daemon-kit]: Processed workitem.
2010-09-25 09:00:17.485871 pong(15315) [DEBUG] [daemon-kit]: Received workitem: "{\"participant_name\":\"amqp\",\"fields\":{\"count\":15,\"dispatched_at\":\"2010-09-25 09:00:17.455220 UTC\",\"__result__\":0,\"success\":true,\"params\":{\"participant_options\":{\"forget\":false,\"queue\":null},\"forget\":false,\"command\":\"/pong/pong\",\"queue\":\"pong\",\"reply_queue\":\"ruote_workitems\",\"ref\":\"amqp\"},\"state\":\"ping\"},\"fei\":{\"sub_wfid\":\"1319983611977\",\"wfid\":\"20100925-togisuwo\",\"engine_id\":\"engine\",\"expid\":\"0_2_0\"}}"
2010-09-25 09:00:17.486482 pong(15315) [DEBUG] [daemon-kit]: Replying to engine via AMQP with #<DaemonKit::RuoteWorkitem:0xa5485d0 @workitem={"participant_name"=>"amqp", "fields"=>{"count"=>16, "success"=>true, "__result__"=>0, "dispatched_at"=>"2010-09-25 09:00:17.455220 UTC", "params"=>{"participant_options"=>{"forget"=>false, "queue"=>nil}, "command"=>"/pong/pong", "forget"=>false, "ref"=>"amqp", "reply_queue"=>"ruote_workitems", "queue"=>"pong"}, "state"=>"pong"}, "fei"=>{"sub_wfid"=>"1319983611977", "wfid"=>"20100925-togisuwo", "engine_id"=>"engine", "expid"=>"0_2_0"}}>
2010-09-25 09:00:17.487870 pong(15315) [DEBUG] [daemon-kit]: Processed workitem.
2010-09-25 09:00:18.67449 pong(15315) [DEBUG] [daemon-kit]: Received workitem: "{\"participant_name\":\"amqp\",\"fields\":{\"count\":17,\"dispatched_at\":\"2010-09-25 09:00:17.988307 UTC\",\"__result__\":0,\"success\":true,\"params\":{\"participant_options\":{\"forget\":false,\"queue\":null},\"forget\":false,\"command\":\"/pong/pong\",\"queue\":\"pong\",\"reply_queue\":\"ruote_workitems\",\"ref\":\"amqp\"},\"state\":\"ping\"},\"fei\":{\"sub_wfid\":\"1830313718974\",\"wfid\":\"20100925-togisuwo\",\"engine_id\":\"engine\",\"expid\":\"0_2_0\"}}"
2010-09-25 09:00:18.68000 pong(15315) [DEBUG] [daemon-kit]: Replying to engine via AMQP with #<DaemonKit::RuoteWorkitem:0xa542ff4 @workitem={"participant_name"=>"amqp", "fields"=>{"count"=>18, "success"=>true, "__result__"=>0, "dispatched_at"=>"2010-09-25 09:00:17.988307 UTC", "params"=>{"participant_options"=>{"forget"=>false, "queue"=>nil}, "command"=>"/pong/pong", "forget"=>false, "ref"=>"amqp", "reply_queue"=>"ruote_workitems", "queue"=>"pong"}, "state"=>"pong"}, "fei"=>{"sub_wfid"=>"1830313718974", "wfid"=>"20100925-togisuwo", "engine_id"=>"engine", "expid"=>"0_2_0"}}>
2010-09-25 09:00:18.68815 pong(15315) [DEBUG] [daemon-kit]: Processed workitem.
2010-09-25 09:00:18.474500 pong(15315) [DEBUG] [daemon-kit]: Received workitem: "{\"participant_name\":\"amqp\",\"fields\":{\"count\":19,\"dispatched_at\":\"2010-09-25 09:00:18.429161 UTC\",\"__result__\":0,\"success\":true,\"params\":{\"participant_options\":{\"forget\":false,\"queue\":null},\"forget\":false,\"command\":\"/pong/pong\",\"queue\":\"pong\",\"reply_queue\":\"ruote_workitems\",\"ref\":\"amqp\"},\"state\":\"ping\"},\"fei\":{\"sub_wfid\":\"0289720593029\",\"wfid\":\"20100925-togisuwo\",\"engine_id\":\"engine\",\"expid\":\"0_2_0\"}}"
2010-09-25 09:00:18.475049 pong(15315) [DEBUG] [daemon-kit]: Replying to engine via AMQP with #<DaemonKit::RuoteWorkitem:0xa53da18 @workitem={"participant_name"=>"amqp", "fields"=>{"count"=>20, "success"=>true, "__result__"=>0, "dispatched_at"=>"2010-09-25 09:00:18.429161 UTC", "params"=>{"participant_options"=>{"forget"=>false, "queue"=>nil}, "command"=>"/pong/pong", "forget"=>false, "ref"=>"amqp", "reply_queue"=>"ruote_workitems", "queue"=>"pong"}, "state"=>"pong"}, "fei"=>{"sub_wfid"=>"0289720593029", "wfid"=>"20100925-togisuwo", "engine_id"=>"engine", "expid"=>"0_2_0"}}>
2010-09-25 09:00:18.475874 pong(15315) [DEBUG] [daemon-kit]: Processed workitem.
2010-09-25 09:00:18.947168 pong(15315) [DEBUG] [daemon-kit]: Received workitem: "{\"participant_name\":\"amqp\",\"fields\":{\"count\":21,\"dispatched_at\":\"2010-09-25 09:00:18.920796 UTC\",\"__result__\":0,\"success\":true,\"params\":{\"participant_options\":{\"forget\":false,\"queue\":null},\"forget\":false,\"command\":\"/pong/pong\",\"queue\":\"pong\",\"reply_queue\":\"ruote_workitems\",\"ref\":\"amqp\"},\"state\":\"ping\"},\"fei\":{\"sub_wfid\":\"043138392032\",\"wfid\":\"20100925-togisuwo\",\"engine_id\":\"engine\",\"expid\":\"0_2_0\"}}"
2010-09-25 09:00:18.948048 pong(15315) [DEBUG] [daemon-kit]: Replying to engine via AMQP with #<DaemonKit::RuoteWorkitem:0xa53843c @workitem={"participant_name"=>"amqp", "fields"=>{"count"=>22, "success"=>true, "__result__"=>0, "dispatched_at"=>"2010-09-25 09:00:18.920796 UTC", "params"=>{"participant_options"=>{"forget"=>false, "queue"=>nil}, "command"=>"/pong/pong", "forget"=>false, "ref"=>"amqp", "reply_queue"=>"ruote_workitems", "queue"=>"pong"}, "state"=>"pong"}, "fei"=>{"sub_wfid"=>"043138392032", "wfid"=>"20100925-togisuwo", "engine_id"=>"engine", "expid"=>"0_2_0"}}>
2010-09-25 09:00:18.949031 pong(15315) [DEBUG] [daemon-kit]: Processed workitem.
2010-09-25 09:00:26.765297 pong(15315) [DEBUG] [daemon-kit]: Received workitem: "{\"participant_name\":\"amqp\",\"fields\":{\"count\":1,\"dispatched_at\":\"2010-09-25 09:00:26.729497 UTC\",\"__result__\":0,\"success\":true,\"params\":{\"participant_options\":{\"forget\":false,\"queue\":null},\"forget\":false,\"command\":\"/pong/pong\",\"queue\":\"pong\",\"reply_queue\":\"ruote_workitems\",\"ref\":\"amqp\"},\"state\":\"ping\"},\"fei\":{\"sub_wfid\":\"1365231666998\",\"wfid\":\"20100925-benupubagu\",\"engine_id\":\"engine\",\"expid\":\"0_2_0\"}}"
2010-09-25 09:00:26.765846 pong(15315) [DEBUG] [daemon-kit]: Replying to engine via AMQP with #<DaemonKit::RuoteWorkitem:0xa532e60 @workitem={"participant_name"=>"amqp", "fields"=>{"count"=>2, "success"=>true, "__result__"=>0, "dispatched_at"=>"2010-09-25 09:00:26.729497 UTC", "params"=>{"participant_options"=>{"forget"=>false, "queue"=>nil}, "command"=>"/pong/pong", "forget"=>false, "ref"=>"amqp", "reply_queue"=>"ruote_workitems", "queue"=>"pong"}, "state"=>"pong"}, "fei"=>{"sub_wfid"=>"1365231666998", "wfid"=>"20100925-benupubagu", "engine_id"=>"engine", "expid"=>"0_2_0"}}>
2010-09-25 09:00:26.766690 pong(15315) [DEBUG] [daemon-kit]: Processed workitem.
2010-09-25 09:00:27.160754 pong(15315) [DEBUG] [daemon-kit]: Received workitem: "{\"participant_name\":\"amqp\",\"fields\":{\"count\":3,\"dispatched_at\":\"2010-09-25 09:00:27.130612 UTC\",\"__result__\":0,\"success\":true,\"params\":{\"participant_options\":{\"forget\":false,\"queue\":null},\"forget\":false,\"command\":\"/pong/pong\",\"queue\":\"pong\",\"reply_queue\":\"ruote_workitems\",\"ref\":\"amqp\"},\"state\":\"ping\"},\"fei\":{\"sub_wfid\":\"1271124105995\",\"wfid\":\"20100925-benupubagu\",\"engine_id\":\"engine\",\"expid\":\"0_2_0\"}}"
2010-09-25 09:00:27.161304 pong(15315) [DEBUG] [daemon-kit]: Replying to engine via AMQP with #<DaemonKit::RuoteWorkitem:0xa52d884 @workitem={"participant_name"=>"amqp", "fields"=>{"count"=>4, "success"=>true, "__result__"=>0, "dispatched_at"=>"2010-09-25 09:00:27.130612 UTC", "params"=>{"participant_options"=>{"forget"=>false, "queue"=>nil}, "command"=>"/pong/pong", "forget"=>false, "ref"=>"amqp", "reply_queue"=>"ruote_workitems", "queue"=>"pong"}, "state"=>"pong"}, "fei"=>{"sub_wfid"=>"1271124105995", "wfid"=>"20100925-benupubagu", "engine_id"=>"engine", "expid"=>"0_2_0"}}>
2010-09-25 09:00:27.162126 pong(15315) [DEBUG] [daemon-kit]: Processed workitem.
2010-09-25 09:00:27.657252 pong(15315) [DEBUG] [daemon-kit]: Received workitem: "{\"participant_name\":\"amqp\",\"fields\":{\"count\":5,\"dispatched_at\":\"2010-09-25 09:00:27.586814 UTC\",\"__result__\":0,\"success\":true,\"params\":{\"participant_options\":{\"forget\":false,\"queue\":null},\"forget\":false,\"command\":\"/pong/pong\",\"queue\":\"pong\",\"reply_queue\":\"ruote_workitems\",\"ref\":\"amqp\"},\"state\":\"ping\"},\"fei\":{\"sub_wfid\":\"0906423081008\",\"wfid\":\"20100925-benupubagu\",\"engine_id\":\"engine\",\"expid\":\"0_2_0\"}}"
2010-09-25 09:00:27.657830 pong(15315) [DEBUG] [daemon-kit]: Replying to engine via AMQP with #<DaemonKit::RuoteWorkitem:0xa5282a8 @workitem={"participant_name"=>"amqp", "fields"=>{"count"=>6, "success"=>true, "__result__"=>0, "dispatched_at"=>"2010-09-25 09:00:27.586814 UTC", "params"=>{"participant_options"=>{"forget"=>false, "queue"=>nil}, "command"=>"/pong/pong", "forget"=>false, "ref"=>"amqp", "reply_queue"=>"ruote_workitems", "queue"=>"pong"}, "state"=>"pong"}, "fei"=>{"sub_wfid"=>"0906423081008", "wfid"=>"20100925-benupubagu", "engine_id"=>"engine", "expid"=>"0_2_0"}}>
2010-09-25 09:00:27.659071 pong(15315) [DEBUG] [daemon-kit]: Processed workitem.
2010-09-25 09:00:28.64658 pong(15315) [DEBUG] [daemon-kit]: Received workitem: "{\"participant_name\":\"amqp\",\"fields\":{\"count\":7,\"dispatched_at\":\"2010-09-25 09:00:28.034757 UTC\",\"__result__\":0,\"success\":true,\"params\":{\"participant_options\":{\"forget\":false,\"queue\":null},\"forget\":false,\"command\":\"/pong/pong\",\"queue\":\"pong\",\"reply_queue\":\"ruote_workitems\",\"ref\":\"amqp\"},\"state\":\"ping\"},\"fei\":{\"sub_wfid\":\"0339212320011\",\"wfid\":\"20100925-benupubagu\",\"engine_id\":\"engine\",\"expid\":\"0_2_0\"}}"
2010-09-25 09:00:28.65203 pong(15315) [DEBUG] [daemon-kit]: Replying to engine via AMQP with #<DaemonKit::RuoteWorkitem:0xa522ccc @workitem={"participant_name"=>"amqp", "fields"=>{"count"=>8, "success"=>true, "__result__"=>0, "dispatched_at"=>"2010-09-25 09:00:28.034757 UTC", "params"=>{"participant_options"=>{"forget"=>false, "queue"=>nil}, "command"=>"/pong/pong", "forget"=>false, "ref"=>"amqp", "reply_queue"=>"ruote_workitems", "queue"=>"pong"}, "state"=>"pong"}, "fei"=>{"sub_wfid"=>"0339212320011", "wfid"=>"20100925-benupubagu", "engine_id"=>"engine", "expid"=>"0_2_0"}}>
2010-09-25 09:00:28.66033 pong(15315) [DEBUG] [daemon-kit]: Processed workitem.
2010-09-25 09:00:28.466353 pong(15315) [DEBUG] [daemon-kit]: Received workitem: "{\"participant_name\":\"amqp\",\"fields\":{\"count\":9,\"dispatched_at\":\"2010-09-25 09:00:28.431202 UTC\",\"__result__\":0,\"success\":true,\"params\":{\"participant_options\":{\"forget\":false,\"queue\":null},\"forget\":false,\"command\":\"/pong/pong\",\"queue\":\"pong\",\"reply_queue\":\"ruote_workitems\",\"ref\":\"amqp\"},\"state\":\"ping\"},\"fei\":{\"sub_wfid\":\"1241511750986\",\"wfid\":\"20100925-benupubagu\",\"engine_id\":\"engine\",\"expid\":\"0_2_0\"}}"
2010-09-25 09:00:28.466921 pong(15315) [DEBUG] [daemon-kit]: Replying to engine via AMQP with #<DaemonKit::RuoteWorkitem:0xa51d6f0 @workitem={"participant_name"=>"amqp", "fields"=>{"count"=>10, "success"=>true, "__result__"=>0, "dispatched_at"=>"2010-09-25 09:00:28.431202 UTC", "params"=>{"participant_options"=>{"forget"=>false, "queue"=>nil}, "command"=>"/pong/pong", "forget"=>false, "ref"=>"amqp", "reply_queue"=>"ruote_workitems", "queue"=>"pong"}, "state"=>"pong"}, "fei"=>{"sub_wfid"=>"1241511750986", "wfid"=>"20100925-benupubagu", "engine_id"=>"engine", "expid"=>"0_2_0"}}>
2010-09-25 09:00:28.467744 pong(15315) [DEBUG] [daemon-kit]: Processed workitem.
2010-09-25 09:00:28.961779 pong(15315) [DEBUG] [daemon-kit]: Received workitem: "{\"participant_name\":\"amqp\",\"fields\":{\"count\":11,\"dispatched_at\":\"2010-09-25 09:00:28.883789 UTC\",\"__result__\":0,\"success\":true,\"params\":{\"participant_options\":{\"forget\":false,\"queue\":null},\"forget\":false,\"command\":\"/pong/pong\",\"queue\":\"pong\",\"reply_queue\":\"ruote_workitems\",\"ref\":\"amqp\"},\"state\":\"ping\"},\"fei\":{\"sub_wfid\":\"1727597012983\",\"wfid\":\"20100925-benupubagu\",\"engine_id\":\"engine\",\"expid\":\"0_2_0\"}}"
2010-09-25 09:00:28.962347 pong(15315) [DEBUG] [daemon-kit]: Replying to engine via AMQP with #<DaemonKit::RuoteWorkitem:0xa518114 @workitem={"participant_name"=>"amqp", "fields"=>{"count"=>12, "success"=>true, "__result__"=>0, "dispatched_at"=>"2010-09-25 09:00:28.883789 UTC", "params"=>{"participant_options"=>{"forget"=>false, "queue"=>nil}, "command"=>"/pong/pong", "forget"=>false, "ref"=>"amqp", "reply_queue"=>"ruote_workitems", "queue"=>"pong"}, "state"=>"pong"}, "fei"=>{"sub_wfid"=>"1727597012983", "wfid"=>"20100925-benupubagu", "engine_id"=>"engine", "expid"=>"0_2_0"}}>
2010-09-25 09:00:28.963232 pong(15315) [DEBUG] [daemon-kit]: Processed workitem.
2010-09-25 09:00:29.354339 pong(15315) [DEBUG] [daemon-kit]: Received workitem: "{\"participant_name\":\"amqp\",\"fields\":{\"count\":13,\"dispatched_at\":\"2010-09-25 09:00:29.321602 UTC\",\"__result__\":0,\"success\":true,\"params\":{\"participant_options\":{\"forget\":false,\"queue\":null},\"forget\":false,\"command\":\"/pong/pong\",\"queue\":\"pong\",\"reply_queue\":\"ruote_workitems\",\"ref\":\"amqp\"},\"state\":\"ping\"},\"fei\":{\"sub_wfid\":\"0927008057020\",\"wfid\":\"20100925-benupubagu\",\"engine_id\":\"engine\",\"expid\":\"0_2_0\"}}"
2010-09-25 09:00:29.355161 pong(15315) [DEBUG] [daemon-kit]: Replying to engine via AMQP with #<DaemonKit::RuoteWorkitem:0xa512b38 @workitem={"participant_name"=>"amqp", "fields"=>{"count"=>14, "success"=>true, "__result__"=>0, "dispatched_at"=>"2010-09-25 09:00:29.321602 UTC", "params"=>{"participant_options"=>{"forget"=>false, "queue"=>nil}, "command"=>"/pong/pong", "forget"=>false, "ref"=>"amqp", "reply_queue"=>"ruote_workitems", "queue"=>"pong"}, "state"=>"pong"}, "fei"=>{"sub_wfid"=>"0927008057020", "wfid"=>"20100925-benupubagu", "engine_id"=>"engine", "expid"=>"0_2_0"}}>
2010-09-25 09:00:29.356514 pong(15315) [DEBUG] [daemon-kit]: Processed workitem.
2010-09-25 09:00:29.829019 pong(15315) [DEBUG] [daemon-kit]: Received workitem: "{\"participant_name\":\"amqp\",\"fields\":{\"count\":15,\"dispatched_at\":\"2010-09-25 09:00:29.798901 UTC\",\"__result__\":0,\"success\":true,\"params\":{\"participant_options\":{\"forget\":false,\"queue\":null},\"forget\":false,\"command\":\"/pong/pong\",\"queue\":\"pong\",\"reply_queue\":\"ruote_workitems\",\"ref\":\"amqp\"},\"state\":\"ping\"},\"fei\":{\"sub_wfid\":\"1607671528977\",\"wfid\":\"20100925-benupubagu\",\"engine_id\":\"engine\",\"expid\":\"0_2_0\"}}"
2010-09-25 09:00:29.829559 pong(15315) [DEBUG] [daemon-kit]: Replying to engine via AMQP with #<DaemonKit::RuoteWorkitem:0xa50d55c @workitem={"participant_name"=>"amqp", "fields"=>{"count"=>16, "success"=>true, "__result__"=>0, "dispatched_at"=>"2010-09-25 09:00:29.798901 UTC", "params"=>{"participant_options"=>{"forget"=>false, "queue"=>nil}, "command"=>"/pong/pong", "forget"=>false, "ref"=>"amqp", "reply_queue"=>"ruote_workitems", "queue"=>"pong"}, "state"=>"pong"}, "fei"=>{"sub_wfid"=>"1607671528977", "wfid"=>"20100925-benupubagu", "engine_id"=>"engine", "expid"=>"0_2_0"}}>
2010-09-25 09:00:29.830408 pong(15315) [DEBUG] [daemon-kit]: Processed workitem.
2010-09-25 09:00:30.396578 pong(15315) [DEBUG] [daemon-kit]: Received workitem: "{\"participant_name\":\"amqp\",\"fields\":{\"count\":17,\"dispatched_at\":\"2010-09-25 09:00:30.326570 UTC\",\"__result__\":0,\"success\":true,\"params\":{\"participant_options\":{\"forget\":false,\"queue\":null},\"forget\":false,\"command\":\"/pong/pong\",\"queue\":\"pong\",\"reply_queue\":\"ruote_workitems\",\"ref\":\"amqp\"},\"state\":\"ping\"},\"fei\":{\"sub_wfid\":\"01052377331026\",\"wfid\":\"20100925-benupubagu\",\"engine_id\":\"engine\",\"expid\":\"0_2_0\"}}"
2010-09-25 09:00:30.397276 pong(15315) [DEBUG] [daemon-kit]: Replying to engine via AMQP with #<DaemonKit::RuoteWorkitem:0xa507f80 @workitem={"participant_name"=>"amqp", "fields"=>{"count"=>18, "success"=>true, "__result__"=>0, "dispatched_at"=>"2010-09-25 09:00:30.326570 UTC", "params"=>{"participant_options"=>{"forget"=>false, "queue"=>nil}, "command"=>"/pong/pong", "forget"=>false, "ref"=>"amqp", "reply_queue"=>"ruote_workitems", "queue"=>"pong"}, "state"=>"pong"}, "fei"=>{"sub_wfid"=>"01052377331026", "wfid"=>"20100925-benupubagu", "engine_id"=>"engine", "expid"=>"0_2_0"}}>
2010-09-25 09:00:30.398688 pong(15315) [DEBUG] [daemon-kit]: Processed workitem.
2010-09-25 09:00:30.874739 pong(15315) [DEBUG] [daemon-kit]: Received workitem: "{\"participant_name\":\"amqp\",\"fields\":{\"count\":19,\"dispatched_at\":\"2010-09-25 09:00:30.848749 UTC\",\"__result__\":0,\"success\":true,\"params\":{\"participant_options\":{\"forget\":false,\"queue\":null},\"forget\":false,\"command\":\"/pong/pong\",\"queue\":\"pong\",\"reply_queue\":\"ruote_workitems\",\"ref\":\"amqp\"},\"state\":\"ping\"},\"fei\":{\"sub_wfid\":\"0674658381029\",\"wfid\":\"20100925-benupubagu\",\"engine_id\":\"engine\",\"expid\":\"0_2_0\"}}"
2010-09-25 09:00:30.875616 pong(15315) [DEBUG] [daemon-kit]: Replying to engine via AMQP with #<DaemonKit::RuoteWorkitem:0xa5029a4 @workitem={"participant_name"=>"amqp", "fields"=>{"count"=>20, "success"=>true, "__result__"=>0, "dispatched_at"=>"2010-09-25 09:00:30.848749 UTC", "params"=>{"participant_options"=>{"forget"=>false, "queue"=>nil}, "command"=>"/pong/pong", "forget"=>false, "ref"=>"amqp", "reply_queue"=>"ruote_workitems", "queue"=>"pong"}, "state"=>"pong"}, "fei"=>{"sub_wfid"=>"0674658381029", "wfid"=>"20100925-benupubagu", "engine_id"=>"engine", "expid"=>"0_2_0"}}>
2010-09-25 09:00:30.876766 pong(15315) [DEBUG] [daemon-kit]: Processed workitem.
2010-09-25 09:00:31.269819 pong(15315) [DEBUG] [daemon-kit]: Received workitem: "{\"participant_name\":\"amqp\",\"fields\":{\"count\":21,\"dispatched_at\":\"2010-09-25 09:00:31.236152 UTC\",\"__result__\":0,\"success\":true,\"params\":{\"participant_options\":{\"forget\":false,\"queue\":null},\"forget\":false,\"command\":\"/pong/pong\",\"queue\":\"pong\",\"reply_queue\":\"ruote_workitems\",\"ref\":\"amqp\"},\"state\":\"ping\"},\"fei\":{\"sub_wfid\":\"0294476490032\",\"wfid\":\"20100925-benupubagu\",\"engine_id\":\"engine\",\"expid\":\"0_2_0\"}}"
2010-09-25 09:00:31.270681 pong(15315) [DEBUG] [daemon-kit]: Replying to engine via AMQP with #<DaemonKit::RuoteWorkitem:0xa4fd3c8 @workitem={"participant_name"=>"amqp", "fields"=>{"count"=>22, "success"=>true, "__result__"=>0, "dispatched_at"=>"2010-09-25 09:00:31.236152 UTC", "params"=>{"participant_options"=>{"forget"=>false, "queue"=>nil}, "command"=>"/pong/pong", "forget"=>false, "ref"=>"amqp", "reply_queue"=>"ruote_workitems", "queue"=>"pong"}, "state"=>"pong"}, "fei"=>{"sub_wfid"=>"0294476490032", "wfid"=>"20100925-benupubagu", "engine_id"=>"engine", "expid"=>"0_2_0"}}>
2010-09-25 09:00:31.271643 pong(15315) [DEBUG] [daemon-kit]: Processed workitem.
2010-09-25 09:00:31.854370 pong(15315) [DEBUG] [daemon-kit]: Received workitem: "{\"participant_name\":\"amqp\",\"fields\":{\"count\":23,\"dispatched_at\":\"2010-09-25 09:00:31.767764 UTC\",\"__result__\":0,\"success\":true,\"params\":{\"participant_options\":{\"forget\":false,\"queue\":null},\"forget\":false,\"command\":\"/pong/pong\",\"queue\":\"pong\",\"reply_queue\":\"ruote_workitems\",\"ref\":\"amqp\"},\"state\":\"ping\"},\"fei\":{\"sub_wfid\":\"1604440722965\",\"wfid\":\"20100925-benupubagu\",\"engine_id\":\"engine\",\"expid\":\"0_2_0\"}}"
2010-09-25 09:00:31.854925 pong(15315) [DEBUG] [daemon-kit]: Replying to engine via AMQP with #<DaemonKit::RuoteWorkitem:0xa4f7dec @workitem={"participant_name"=>"amqp", "fields"=>{"count"=>24, "success"=>true, "__result__"=>0, "dispatched_at"=>"2010-09-25 09:00:31.767764 UTC", "params"=>{"participant_options"=>{"forget"=>false, "queue"=>nil}, "command"=>"/pong/pong", "forget"=>false, "ref"=>"amqp", "reply_queue"=>"ruote_workitems", "queue"=>"pong"}, "state"=>"pong"}, "fei"=>{"sub_wfid"=>"1604440722965", "wfid"=>"20100925-benupubagu", "engine_id"=>"engine", "expid"=>"0_2_0"}}>
2010-09-25 09:00:31.855735 pong(15315) [DEBUG] [daemon-kit]: Processed workitem.
2010-09-25 09:00:41.154088 pong(15315) [DEBUG] [daemon-kit]: Received workitem: "{\"participant_name\":\"amqp\",\"fields\":{\"count\":1,\"dispatched_at\":\"2010-09-25 09:00:41.118306 UTC\",\"__result__\":0,\"success\":true,\"params\":{\"participant_options\":{\"forget\":false,\"queue\":null},\"forget\":false,\"command\":\"/pong/pong\",\"queue\":\"pong\",\"reply_queue\":\"ruote_workitems\",\"ref\":\"amqp\"},\"state\":\"ping\"},\"fei\":{\"sub_wfid\":\"0500552774002\",\"wfid\":\"20100925-bimajatayu\",\"engine_id\":\"engine\",\"expid\":\"0_2_0\"}}"
2010-09-25 09:00:41.154653 pong(15315) [DEBUG] [daemon-kit]: Replying to engine via AMQP with #<DaemonKit::RuoteWorkitem:0xa4f2810 @workitem={"participant_name"=>"amqp", "fields"=>{"count"=>2, "success"=>true, "__result__"=>0, "dispatched_at"=>"2010-09-25 09:00:41.118306 UTC", "params"=>{"participant_options"=>{"forget"=>false, "queue"=>nil}, "command"=>"/pong/pong", "forget"=>false, "ref"=>"amqp", "reply_queue"=>"ruote_workitems", "queue"=>"pong"}, "state"=>"pong"}, "fei"=>{"sub_wfid"=>"0500552774002", "wfid"=>"20100925-bimajatayu", "engine_id"=>"engine", "expid"=>"0_2_0"}}>
2010-09-25 09:00:41.155498 pong(15315) [DEBUG] [daemon-kit]: Processed workitem.
2010-09-25 09:00:41.547935 pong(15315) [DEBUG] [daemon-kit]: Received workitem: "{\"participant_name\":\"amqp\",\"fields\":{\"count\":3,\"dispatched_at\":\"2010-09-25 09:00:41.512133 UTC\",\"__result__\":0,\"success\":true,\"params\":{\"participant_options\":{\"forget\":false,\"queue\":null},\"forget\":false,\"command\":\"/pong/pong\",\"queue\":\"pong\",\"reply_queue\":\"ruote_workitems\",\"ref\":\"amqp\"},\"state\":\"ping\"},\"fei\":{\"sub_wfid\":\"0781121041005\",\"wfid\":\"20100925-bimajatayu\",\"engine_id\":\"engine\",\"expid\":\"0_2_0\"}}"
2010-09-25 09:00:41.548482 pong(15315) [DEBUG] [daemon-kit]: Replying to engine via AMQP with #<DaemonKit::RuoteWorkitem:0xa4ed234 @workitem={"participant_name"=>"amqp", "fields"=>{"count"=>4, "success"=>true, "__result__"=>0, "dispatched_at"=>"2010-09-25 09:00:41.512133 UTC", "params"=>{"participant_options"=>{"forget"=>false, "queue"=>nil}, "command"=>"/pong/pong", "forget"=>false, "ref"=>"amqp", "reply_queue"=>"ruote_workitems", "queue"=>"pong"}, "state"=>"pong"}, "fei"=>{"sub_wfid"=>"0781121041005", "wfid"=>"20100925-bimajatayu", "engine_id"=>"engine", "expid"=>"0_2_0"}}>
2010-09-25 09:00:41.549297 pong(15315) [DEBUG] [daemon-kit]: Processed workitem.
2010-09-25 09:00:41.999871 pong(15315) [DEBUG] [daemon-kit]: Received workitem: "{\"participant_name\":\"amqp\",\"fields\":{\"count\":5,\"dispatched_at\":\"2010-09-25 09:00:41.917015 UTC\",\"__result__\":0,\"success\":true,\"params\":{\"participant_options\":{\"forget\":false,\"queue\":null},\"forget\":false,\"command\":\"/pong/pong\",\"queue\":\"pong\",\"reply_queue\":\"ruote_workitems\",\"ref\":\"amqp\"},\"state\":\"ping\"},\"fei\":{\"sub_wfid\":\"1335801314992\",\"wfid\":\"20100925-bimajatayu\",\"engine_id\":\"engine\",\"expid\":\"0_2_0\"}}"
2010-09-25 09:00:42.425 pong(15315) [DEBUG] [daemon-kit]: Replying to engine via AMQP with #<DaemonKit::RuoteWorkitem:0xa4e7c58 @workitem={"participant_name"=>"amqp", "fields"=>{"count"=>6, "success"=>true, "__result__"=>0, "dispatched_at"=>"2010-09-25 09:00:41.917015 UTC", "params"=>{"participant_options"=>{"forget"=>false, "queue"=>nil}, "command"=>"/pong/pong", "forget"=>false, "ref"=>"amqp", "reply_queue"=>"ruote_workitems", "queue"=>"pong"}, "state"=>"pong"}, "fei"=>{"sub_wfid"=>"1335801314992", "wfid"=>"20100925-bimajatayu", "engine_id"=>"engine", "expid"=>"0_2_0"}}>
2010-09-25 09:00:42.1236 pong(15315) [DEBUG] [daemon-kit]: Processed workitem.
2010-09-25 09:05:53.881390 pong(15315) [DEBUG] [daemon-kit]: Received workitem: "{\"participant_name\":\"amqp\",\"fields\":{\"count\":1,\"dispatched_at\":\"2010-09-25 09:05:53.851273 UTC\",\"__result__\":0,\"success\":true,\"params\":{\"participant_options\":{\"forget\":false,\"queue\":null},\"forget\":false,\"command\":\"/pong/pong\",\"queue\":\"pong\",\"reply_queue\":\"ruote_workitems\",\"ref\":\"amqp\"},\"state\":\"ping\"},\"fei\":{\"sub_wfid\":\"125322623997\",\"wfid\":\"20100925-bogojubuha\",\"engine_id\":\"engine\",\"expid\":\"0_3_0\"}}"
2010-09-25 09:05:53.881943 pong(15315) [DEBUG] [daemon-kit]: Replying to engine via AMQP with #<DaemonKit::RuoteWorkitem:0xa4e267c @workitem={"participant_name"=>"amqp", "fields"=>{"count"=>2, "success"=>true, "__result__"=>0, "dispatched_at"=>"2010-09-25 09:05:53.851273 UTC", "params"=>{"participant_options"=>{"forget"=>false, "queue"=>nil}, "command"=>"/pong/pong", "forget"=>false, "ref"=>"amqp", "reply_queue"=>"ruote_workitems", "queue"=>"pong"}, "state"=>"pong"}, "fei"=>{"sub_wfid"=>"125322623997", "wfid"=>"20100925-bogojubuha", "engine_id"=>"engine", "expid"=>"0_3_0"}}>
2010-09-25 09:05:53.882818 pong(15315) [DEBUG] [daemon-kit]: Processed workitem.
2010-09-25 09:05:54.276978 pong(15315) [DEBUG] [daemon-kit]: Received workitem: "{\"participant_name\":\"amqp\",\"fields\":{\"count\":3,\"dispatched_at\":\"2010-09-25 09:05:54.246751 UTC\",\"__result__\":0,\"success\":true,\"params\":{\"participant_options\":{\"forget\":false,\"queue\":null},\"forget\":false,\"command\":\"/pong/pong\",\"queue\":\"pong\",\"reply_queue\":\"ruote_workitems\",\"ref\":\"amqp\"},\"state\":\"ping\"},\"fei\":{\"sub_wfid\":\"1988436985994\",\"wfid\":\"20100925-bogojubuha\",\"engine_id\":\"engine\",\"expid\":\"0_3_0\"}}"
2010-09-25 09:05:54.277525 pong(15315) [DEBUG] [daemon-kit]: Replying to engine via AMQP with #<DaemonKit::RuoteWorkitem:0xa4dd0a0 @workitem={"participant_name"=>"amqp", "fields"=>{"count"=>4, "success"=>true, "__result__"=>0, "dispatched_at"=>"2010-09-25 09:05:54.246751 UTC", "params"=>{"participant_options"=>{"forget"=>false, "queue"=>nil}, "command"=>"/pong/pong", "forget"=>false, "ref"=>"amqp", "reply_queue"=>"ruote_workitems", "queue"=>"pong"}, "state"=>"pong"}, "fei"=>{"sub_wfid"=>"1988436985994", "wfid"=>"20100925-bogojubuha", "engine_id"=>"engine", "expid"=>"0_3_0"}}>
2010-09-25 09:05:54.278380 pong(15315) [DEBUG] [daemon-kit]: Processed workitem.
2010-09-25 09:05:54.789301 pong(15315) [DEBUG] [daemon-kit]: Received workitem: "{\"participant_name\":\"amqp\",\"fields\":{\"count\":5,\"dispatched_at\":\"2010-09-25 09:05:54.779950 UTC\",\"__result__\":0,\"success\":true,\"params\":{\"participant_options\":{\"forget\":false,\"queue\":null},\"forget\":false,\"command\":\"/pong/pong\",\"queue\":\"pong\",\"reply_queue\":\"ruote_workitems\",\"ref\":\"amqp\"},\"state\":\"ping\"},\"fei\":{\"sub_wfid\":\"0838004763009\",\"wfid\":\"20100925-bogojubuha\",\"engine_id\":\"engine\",\"expid\":\"0_3_0\"}}"
2010-09-25 09:05:54.790165 pong(15315) [DEBUG] [daemon-kit]: Replying to engine via AMQP with #<DaemonKit::RuoteWorkitem:0xa4d7ac4 @workitem={"participant_name"=>"amqp", "fields"=>{"count"=>6, "success"=>true, "__result__"=>0, "dispatched_at"=>"2010-09-25 09:05:54.779950 UTC", "params"=>{"participant_options"=>{"forget"=>false, "queue"=>nil}, "command"=>"/pong/pong", "forget"=>false, "ref"=>"amqp", "reply_queue"=>"ruote_workitems", "queue"=>"pong"}, "state"=>"pong"}, "fei"=>{"sub_wfid"=>"0838004763009", "wfid"=>"20100925-bogojubuha", "engine_id"=>"engine", "expid"=>"0_3_0"}}>
2010-09-25 09:05:54.791526 pong(15315) [DEBUG] [daemon-kit]: Processed workitem.
2010-09-25 09:08:05.85028 pong(15315) [DEBUG] [daemon-kit]: Received workitem: "{\"participant_name\":\"amqp\",\"fields\":{\"count\":1,\"dispatched_at\":\"2010-09-25 09:08:05.055992 UTC\",\"__result__\":0,\"success\":true,\"params\":{\"participant_options\":{\"forget\":false,\"queue\":null},\"forget\":false,\"command\":\"/pong/pong\",\"queue\":\"pong\",\"reply_queue\":\"ruote_workitems\",\"ref\":\"amqp\"},\"state\":\"ping\"},\"fei\":{\"sub_wfid\":\"11011010507996\",\"wfid\":\"20100925-hopemushi\",\"engine_id\":\"engine\",\"expid\":\"0_3_0\"}}"
2010-09-25 09:08:05.85585 pong(15315) [DEBUG] [daemon-kit]: Replying to engine via AMQP with #<DaemonKit::RuoteWorkitem:0xa4d24e8 @workitem={"participant_name"=>"amqp", "fields"=>{"count"=>2, "success"=>true, "__result__"=>0, "dispatched_at"=>"2010-09-25 09:08:05.055992 UTC", "params"=>{"participant_options"=>{"forget"=>false, "queue"=>nil}, "command"=>"/pong/pong", "forget"=>false, "ref"=>"amqp", "reply_queue"=>"ruote_workitems", "queue"=>"pong"}, "state"=>"pong"}, "fei"=>{"sub_wfid"=>"11011010507996", "wfid"=>"20100925-hopemushi", "engine_id"=>"engine", "expid"=>"0_3_0"}}>
2010-09-25 09:08:05.86422 pong(15315) [DEBUG] [daemon-kit]: Processed workitem.
2010-09-25 09:08:05.602877 pong(15315) [DEBUG] [daemon-kit]: Received workitem: "{\"participant_name\":\"amqp\",\"fields\":{\"count\":3,\"dispatched_at\":\"2010-09-25 09:08:05.535412 UTC\",\"__result__\":0,\"success\":true,\"params\":{\"participant_options\":{\"forget\":false,\"queue\":null},\"forget\":false,\"command\":\"/pong/pong\",\"queue\":\"pong\",\"reply_queue\":\"ruote_workitems\",\"ref\":\"amqp\"},\"state\":\"ping\"},\"fei\":{\"sub_wfid\":\"1580528710993\",\"wfid\":\"20100925-hopemushi\",\"engine_id\":\"engine\",\"expid\":\"0_3_0\"}}"
2010-09-25 09:08:05.603550 pong(15315) [DEBUG] [daemon-kit]: Replying to engine via AMQP with #<DaemonKit::RuoteWorkitem:0xa4ccf0c @workitem={"participant_name"=>"amqp", "fields"=>{"count"=>4, "success"=>true, "__result__"=>0, "dispatched_at"=>"2010-09-25 09:08:05.535412 UTC", "params"=>{"participant_options"=>{"forget"=>false, "queue"=>nil}, "command"=>"/pong/pong", "forget"=>false, "ref"=>"amqp", "reply_queue"=>"ruote_workitems", "queue"=>"pong"}, "state"=>"pong"}, "fei"=>{"sub_wfid"=>"1580528710993", "wfid"=>"20100925-hopemushi", "engine_id"=>"engine", "expid"=>"0_3_0"}}>
2010-09-25 09:08:05.604924 pong(15315) [DEBUG] [daemon-kit]: Processed workitem.
2010-09-25 09:08:06.1307 pong(15315) [DEBUG] [daemon-kit]: Received workitem: "{\"participant_name\":\"amqp\",\"fields\":{\"count\":5,\"dispatched_at\":\"2010-09-25 09:08:05.971471 UTC\",\"__result__\":0,\"success\":true,\"params\":{\"participant_options\":{\"forget\":false,\"queue\":null},\"forget\":false,\"command\":\"/pong/pong\",\"queue\":\"pong\",\"reply_queue\":\"ruote_workitems\",\"ref\":\"amqp\"},\"state\":\"ping\"},\"fei\":{\"sub_wfid\":\"1993472920990\",\"wfid\":\"20100925-hopemushi\",\"engine_id\":\"engine\",\"expid\":\"0_3_0\"}}"
2010-09-25 09:08:06.1857 pong(15315) [DEBUG] [daemon-kit]: Replying to engine via AMQP with #<DaemonKit::RuoteWorkitem:0xa4c7930 @workitem={"participant_name"=>"amqp", "fields"=>{"count"=>6, "success"=>true, "__result__"=>0, "dispatched_at"=>"2010-09-25 09:08:05.971471 UTC", "params"=>{"participant_options"=>{"forget"=>false, "queue"=>nil}, "command"=>"/pong/pong", "forget"=>false, "ref"=>"amqp", "reply_queue"=>"ruote_workitems", "queue"=>"pong"}, "state"=>"pong"}, "fei"=>{"sub_wfid"=>"1993472920990", "wfid"=>"20100925-hopemushi", "engine_id"=>"engine", "expid"=>"0_3_0"}}>
2010-09-25 09:08:06.2831 pong(15315) [DEBUG] [daemon-kit]: Processed workitem.
